This file contains any messages produced by compilers while
running configure, to aid debugging if configure makes a mistake.

It was created by Arm Examples configure 1.0, which was
generated by GNU Autoconf 2.69.  Invocation command line was

  $ ./configure 

## --------- ##
## Platform. ##
## --------- ##

hostname = Faroq
uname -m = x86_64
uname -r = 5.10.16.3-microsoft-standard-WSL2
uname -s = Linux
uname -v = #1 SMP Fri Apr 2 22:23:49 UTC 2021

/usr/bin/uname -p = unknown
/bin/uname -X     = unknown

/bin/arch              = unknown
/usr/bin/arch -k       = unknown
/usr/convex/getsysinfo = unknown
/usr/bin/hostinfo      = unknown
/bin/machine           = unknown
/usr/bin/oslevel       = unknown
/bin/universe          = unknown

PATH: /usr/local/sbin
PATH: /usr/local/bin
PATH: /usr/sbin
PATH: /usr/bin
PATH: /sbin
PATH: /bin
PATH: /usr/games
PATH: /usr/local/games
PATH: /usr/lib/wsl/lib
PATH: /mnt/c/Program Files/Common Files/Oracle/Java/javapath
PATH: /mnt/c/Program Files (x86)/Common Files/Oracle/Java/javapath
PATH: /mnt/c/Python310/Scripts/
PATH: /mnt/c/Python310/
PATH: /mnt/c/Windows/system32
PATH: /mnt/c/Windows
PATH: /mnt/c/Windows/System32/Wbem
PATH: /mnt/c/Windows/System32/WindowsPowerShell/v1.0/
PATH: /mnt/c/Windows/System32/OpenSSH/
PATH: /mnt/c/ProgramData/chocolatey/bin
PATH: /mnt/c/Program Files/Git/cmd
PATH: /mnt/c/Windows/system32
PATH: /mnt/c/Windows
PATH: /mnt/c/Windows/System32/Wbem
PATH: /mnt/c/Windows/System32/WindowsPowerShell/v1.0/
PATH: /mnt/c/Windows/System32/OpenSSH/
PATH: /mnt/c/ProgramData/chocolatey/bin
PATH: /mnt/c/Users/Faroq Al-Nadhari/AppData/Roaming/Microsoft/WindowsApps
PATH: /mnt/c/Users/Faroq Al-Nadhari/AppData/LocalRoaming/atom/bin
PATH: /mnt/c/Users/Faroq Al-Nadhari/AppData/Local/Programs/Microsoft VS Code/bin
PATH: /mnt/c/Python34/Scripts
PATH: /mnt/c/Program Files/python.exe
PATH: /mnt/c/Program Files/JetBrains/DataGrip 2021.3.1/bin
PATH: /mnt/c/Program Files/JetBrains/IntelliJ IDEA Community Edition 2021.3/bin


## ----------- ##
## Core tests. ##
## ----------- ##

configure:1806: =======> configuring ARM examples for loader
configure:1854: checking for a BSD-compatible install
configure:1922: result: /usr/bin/install -c
configure:1933: checking whether build environment is sane
configure:1988: result: yes
configure:2139: checking for a thread-safe mkdir -p
configure:2178: result: /bin/mkdir -p
configure:2185: checking for gawk
configure:2215: result: no
configure:2185: checking for mawk
configure:2201: found /usr/bin/mawk
configure:2212: result: mawk
configure:2223: checking whether make sets $(MAKE)
configure:2245: result: yes
configure:2274: checking whether make supports nested variables
configure:2291: result: yes
configure:2425: checking whether make supports the include directive
configure:2440: make -f confmf.GNU && cat confinc.out
this is the am__doit target
configure:2443: $? = 0
configure:2462: result: yes (GNU style)
configure:2548: checking for gcc
configure:2564: found /usr/bin/gcc
configure:2575: result: gcc
configure:2804: checking for C compiler version
configure:2813: gcc --version >&5
gcc (Debian 6.3.0-18+deb9u1) 6.3.0 20170516
Copyright (C) 2016 Free Software Foundation, Inc.
This is free software; see the source for copying conditions.  There is NO
warranty; not even for MERCHANTABILITY or FITNESS FOR A PARTICULAR PURPOSE.

configure:2824: $? = 0
configure:2813: gcc -v >&5
Using built-in specs.
COLLECT_GCC=gcc
COLLECT_LTO_WRAPPER=/usr/lib/gcc/x86_64-linux-gnu/6/lto-wrapper
Target: x86_64-linux-gnu
Configured with: ../src/configure -v --with-pkgversion='Debian 6.3.0-18+deb9u1' --with-bugurl=file:///usr/share/doc/gcc-6/README.Bugs --enable-languages=c,ada,c++,java,go,d,fortran,objc,obj-c++ --prefix=/usr --program-suffix=-6 --program-prefix=x86_64-linux-gnu- --enable-shared --enable-linker-build-id --libexecdir=/usr/lib --without-included-gettext --enable-threads=posix --libdir=/usr/lib --enable-nls --with-sysroot=/ --enable-clocale=gnu --enable-libstdcxx-debug --enable-libstdcxx-time=yes --with-default-libstdcxx-abi=new --enable-gnu-unique-object --disable-vtable-verify --enable-libmpx --enable-plugin --enable-default-pie --with-system-zlib --disable-browser-plugin --enable-java-awt=gtk --enable-gtk-cairo --with-java-home=/usr/lib/jvm/java-1.5.0-gcj-6-amd64/jre --enable-java-home --with-jvm-root-dir=/usr/lib/jvm/java-1.5.0-gcj-6-amd64 --with-jvm-jar-dir=/usr/lib/jvm-exports/java-1.5.0-gcj-6-amd64 --with-arch-directory=amd64 --with-ecj-jar=/usr/share/java/eclipse-ecj.jar --with-target-system-zlib --enable-objc-gc=auto --enable-multiarch --with-arch-32=i686 --with-abi=m64 --with-multilib-list=m32,m64,mx32 --enable-multilib --with-tune=generic --enable-checking=release --build=x86_64-linux-gnu --host=x86_64-linux-gnu --target=x86_64-linux-gnu
Thread model: posix
gcc version 6.3.0 20170516 (Debian 6.3.0-18+deb9u1) 
configure:2824: $? = 0
configure:2813: gcc -V >&5
gcc: error: unrecognized command line option '-V'
gcc: fatal error: no input files
compilation terminated.
configure:2824: $? = 1
configure:2813: gcc -qversion >&5
gcc: error: unrecognized command line option '-qversion'; did you mean '--version'?
gcc: fatal error: no input files
compilation terminated.
configure:2824: $? = 1
configure:2844: checking whether the C compiler works
configure:2866: gcc   -nostdlib -Wl,--entry=0 conftest.c  >&5
configure:2870: $? = 0
configure:2918: result: yes
configure:2921: checking for C compiler default output file name
configure:2923: result: a.out
configure:2929: checking for suffix of executables
configure:2936: gcc -o conftest   -nostdlib -Wl,--entry=0 conftest.c  >&5
configure:2940: $? = 0
configure:2962: result: 
configure:2984: checking whether we are cross compiling
configure:2992: gcc -o conftest   -nostdlib -Wl,--entry=0 conftest.c  >&5
/tmp/cclOrntL.o: In function `main':
conftest.c:(.text+0x17): undefined reference to `fopen'
conftest.c:(.text+0x27): undefined reference to `ferror'
conftest.c:(.text+0x37): undefined reference to `fclose'
collect2: error: ld returned 1 exit status
configure:2996: $? = 1
configure:3003: ./conftest
./configure: line 3005: ./conftest: No such file or directory
configure:3007: $? = 127
configure:3014: error: in `/mnt/d/Mes Cours/SEM5/PROG5/elf_linker-1.0/Examples_loader':
configure:3016: error: cannot run C compiled programs.
If you meant to cross compile, use `--host'.
See `config.log' for more details

## ---------------- ##
## Cache variables. ##
## ---------------- ##

ac_cv_env_CCASFLAGS_set=
ac_cv_env_CCASFLAGS_value=
ac_cv_env_CCAS_set=
ac_cv_env_CCAS_value=
ac_cv_env_CC_set=
ac_cv_env_CC_value=
ac_cv_env_CFLAGS_set=
ac_cv_env_CFLAGS_value=
ac_cv_env_CPPFLAGS_set=
ac_cv_env_CPPFLAGS_value=
ac_cv_env_LDFLAGS_set=
ac_cv_env_LDFLAGS_value=
ac_cv_env_LIBS_set=
ac_cv_env_LIBS_value=
ac_cv_env_build_alias_set=
ac_cv_env_build_alias_value=
ac_cv_env_host_alias_set=
ac_cv_env_host_alias_value=
ac_cv_env_target_alias_set=
ac_cv_env_target_alias_value=
ac_cv_path_install='/usr/bin/install -c'
ac_cv_path_mkdir=/bin/mkdir
ac_cv_prog_AWK=mawk
ac_cv_prog_ac_ct_CC=gcc
ac_cv_prog_make_make_set=yes
am_cv_make_support_nested_variables=yes

## ----------------- ##
## Output variables. ##
## ----------------- ##

ACLOCAL='${SHELL} "/mnt/d/Mes Cours/SEM5/PROG5/elf_linker-1.0/build-aux/missing" aclocal-1.16'
AMDEPBACKSLASH='\'
AMDEP_FALSE='#'
AMDEP_TRUE=''
AMTAR='$${TAR-tar}'
AM_BACKSLASH='\'
AM_DEFAULT_V='$(AM_DEFAULT_VERBOSITY)'
AM_DEFAULT_VERBOSITY='1'
AM_V='$(V)'
AUTOCONF='${SHELL} "/mnt/d/Mes Cours/SEM5/PROG5/elf_linker-1.0/build-aux/missing" autoconf'
AUTOHEADER='${SHELL} "/mnt/d/Mes Cours/SEM5/PROG5/elf_linker-1.0/build-aux/missing" autoheader'
AUTOMAKE='${SHELL} "/mnt/d/Mes Cours/SEM5/PROG5/elf_linker-1.0/build-aux/missing" automake-1.16'
AWK='mawk'
CC='gcc'
CCAS=''
CCASDEPMODE=''
CCASFLAGS=''
CCDEPMODE=''
CFLAGS=''
CPPFLAGS=''
CYGPATH_W='echo'
DEFS=''
DEPDIR='.deps'
ECHO_C=''
ECHO_N='-n'
ECHO_T=''
EXEEXT=''
HAVE_ARM_COMPILER_FALSE=''
HAVE_ARM_COMPILER_TRUE=''
HAVE_NO_STDLIB_FALSE=''
HAVE_NO_STDLIB_TRUE=''
INSTALL_DATA='${INSTALL} -m 644'
INSTALL_PROGRAM='${INSTALL}'
INSTALL_SCRIPT='${INSTALL}'
INSTALL_STRIP_PROGRAM='$(install_sh) -c -s'
LDFLAGS='-nostdlib -Wl,--entry=0'
LIBOBJS=''
LIBS=''
LTLIBOBJS=''
MAKEINFO='${SHELL} "/mnt/d/Mes Cours/SEM5/PROG5/elf_linker-1.0/build-aux/missing" makeinfo'
MKDIR_P='/bin/mkdir -p'
OBJEXT=''
PACKAGE='arm-examples'
PACKAGE_BUGREPORT='Guillaume.Huard@imag.fr'
PACKAGE_NAME='Arm Examples'
PACKAGE_STRING='Arm Examples 1.0'
PACKAGE_TARNAME='arm-examples'
PACKAGE_URL=''
PACKAGE_VERSION='1.0'
PATH_SEPARATOR=':'
SET_MAKE=''
SHELL='/bin/bash'
STRIP=''
VD_CROSS_NOPIE_CFLAGS=''
VD_CROSS_NOSTDLIB_LDFLAGS=''
VERSION='1.0'
ac_ct_CC='gcc'
am__EXEEXT_FALSE=''
am__EXEEXT_TRUE=''
am__fastdepCCAS_FALSE=''
am__fastdepCCAS_TRUE=''
am__fastdepCC_FALSE=''
am__fastdepCC_TRUE=''
am__include='include'
am__isrc=''
am__leading_dot='.'
am__nodep='_no'
am__quote=''
am__tar='$${TAR-tar} chof - "$$tardir"'
am__untar='$${TAR-tar} xf -'
bindir='${exec_prefix}/bin'
build_alias=''
datadir='${datarootdir}'
datarootdir='${prefix}/share'
docdir='${datarootdir}/doc/${PACKAGE_TARNAME}'
dvidir='${docdir}'
exec_prefix='NONE'
host_alias=''
htmldir='${docdir}'
includedir='${prefix}/include'
infodir='${datarootdir}/info'
install_sh='${SHELL} '\''/mnt/d/Mes Cours/SEM5/PROG5/elf_linker-1.0/build-aux/install-sh'\'''
libdir='${exec_prefix}/lib'
libexecdir='${exec_prefix}/libexec'
localedir='${datarootdir}/locale'
localstatedir='${prefix}/var'
mandir='${datarootdir}/man'
mkdir_p='$(MKDIR_P)'
oldincludedir='/usr/include'
pdfdir='${docdir}'
prefix='NONE'
program_transform_name='s,x,x,'
psdir='${docdir}'
sbindir='${exec_prefix}/sbin'
sharedstatedir='${prefix}/com'
sysconfdir='${prefix}/etc'
target_alias=''

## ----------- ##
## confdefs.h. ##
## ----------- ##

/* confdefs.h */
#define PACKAGE_NAME "Arm Examples"
#define PACKAGE_TARNAME "arm-examples"
#define PACKAGE_VERSION "1.0"
#define PACKAGE_STRING "Arm Examples 1.0"
#define PACKAGE_BUGREPORT "Guillaume.Huard@imag.fr"
#define PACKAGE_URL ""
#define PACKAGE "arm-examples"
#define VERSION "1.0"

configure: exit 1
